<?xml version="1.0" encoding="UTF-8"?>
<!-- Generated by org.testng.reporters.JUnitXMLReporter -->
<testsuite ignored="0" hostname="DESKTOP-7DCAI4N" failures="1" tests="5" name="Test" time="439.459" errors="0" timestamp="2024-12-27T07:40:50 IST">
  <testcase classname="VtigerCRM.createCampaigns" name="createCampaigns" time="64.081">
    <skipped/>
  </testcase> <!-- createCampaigns -->
  <testcase classname="VtigerCRM.createCampaigns" name="createCampaigns" time="57.127">
    <skipped/>
  </testcase> <!-- createCampaigns -->
  <testcase classname="VtigerCRM.createCampaigns" name="createCampaigns" time="49.465">
    <skipped/>
  </testcase> <!-- createCampaigns -->
  <testcase classname="VtigerCRM.createCampaigns" name="createCampaigns" time="34.746">
    <skipped/>
  </testcase> <!-- createCampaigns -->
  <testcase classname="VtigerCRM.createCampaigns" name="createCampaigns" time="37.204">
    <failure type="java.lang.AssertionError" message="I am assert failing the script">
      <![CDATA[java.lang.AssertionError: I am assert failing the script
at VtigerCRM.createCampaigns.createCampaigns(createCampaigns.java:44)
at java.base/java.util.ArrayList.forEach(ArrayList.java:1511)
... Removed 28 stack frames]]>
    </failure>
  </testcase> <!-- createCampaigns -->
</testsuite> <!-- Test -->
